<?xml version="1.0" encoding="UTF-8"?>
<!-- Generated by org.testng.reporters.JUnitXMLReporter -->
<testsuite ignored="0" hostname="user1" failures="0" tests="4" name="Default test" time="22.104" errors="0" timestamp="2025-04-08T15:32:05 IST">
  <testcase classname="testScripts.PlaceOrderTest" name="porductTest" time="0.251"/>
  <testcase classname="testScripts.PlaceOrderTest" name="verfyItemsTest" time="20.07"/>
  <testcase classname="testScripts.PlaceOrderTest" name="checkoutItemsTest" time="0.089"/>
  <testcase classname="testScripts.PlaceOrderTest" name="checkoutFormTest" time="0.321"/>
</testsuite> <!-- Default test -->
