<?xml version="1.0" encoding="UTF-8"?>
<testng-results ignored="0" total="4" passed="4" failed="0" skipped="0">
  <reporter-output>
  </reporter-output>
  <suite started-at="2025-04-08T15:31:43 IST" name="Default suite" finished-at="2025-04-08T15:32:05 IST" duration-ms="22104">
    <groups>
    </groups>
    <test started-at="2025-04-08T15:31:43 IST" name="Default test" finished-at="2025-04-08T15:32:05 IST" duration-ms="22104">
      <class name="testScripts.PlaceOrderTest">
        <test-method is-config="true" signature="setUp()[pri:0, instance:testScripts.PlaceOrderTest@302fec27]" started-at="2025-04-08T15:31:43 IST" name="setUp" finished-at="2025-04-08T15:31:44 IST" duration-ms="957" status="PASS">
          <reporter-output>
          </reporter-output>
        </test-method> <!-- setUp -->
        <test-method signature="porductTest()[pri:1, instance:testScripts.PlaceOrderTest@302fec27]" started-at="2025-04-08T15:31:44 IST" name="porductTest" finished-at="2025-04-08T15:31:45 IST" duration-ms="251" status="PASS">
          <reporter-output>
          </reporter-output>
        </test-method> <!-- porductTest -->
        <test-method signature="verfyItemsTest()[pri:2, instance:testScripts.PlaceOrderTest@302fec27]" started-at="2025-04-08T15:31:45 IST" name="verfyItemsTest" finished-at="2025-04-08T15:32:05 IST" duration-ms="20070" status="PASS">
          <reporter-output>
          </reporter-output>
        </test-method> <!-- verfyItemsTest -->
        <test-method signature="checkoutItemsTest()[pri:3, instance:testScripts.PlaceOrderTest@302fec27]" started-at="2025-04-08T15:32:05 IST" name="checkoutItemsTest" finished-at="2025-04-08T15:32:05 IST" duration-ms="89" status="PASS">
          <reporter-output>
          </reporter-output>
        </test-method> <!-- checkoutItemsTest -->
        <test-method signature="checkoutFormTest()[pri:4, instance:testScripts.PlaceOrderTest@302fec27]" started-at="2025-04-08T15:32:05 IST" name="checkoutFormTest" finished-at="2025-04-08T15:32:05 IST" duration-ms="321" status="PASS">
          <reporter-output>
          </reporter-output>
        </test-method> <!-- checkoutFormTest -->
        <test-method is-config="true" signature="tearDown()[pri:0, instance:testScripts.PlaceOrderTest@302fec27]" started-at="2025-04-08T15:32:05 IST" name="tearDown" finished-at="2025-04-08T15:32:05 IST" duration-ms="341" status="PASS">
          <reporter-output>
          </reporter-output>
        </test-method> <!-- tearDown -->
      </class> <!-- testScripts.PlaceOrderTest -->
    </test> <!-- Default test -->
  </suite> <!-- Default suite -->
</testng-results>
