<?xml version="1.0" encoding="UTF-8"?>
<testng-results ignored="0" total="1" passed="1" failed="0" skipped="0">
  <reporter-output>
  </reporter-output>
  <suite started-at="2025-04-07T17:54:07 IST" name="Default suite" finished-at="2025-04-07T17:54:09 IST" duration-ms="1701">
    <groups>
    </groups>
    <test started-at="2025-04-07T17:54:07 IST" name="Default test" finished-at="2025-04-07T17:54:09 IST" duration-ms="1701">
      <class name="testScripts.PlaceOrderTest">
        <test-method is-config="true" signature="setUp()[pri:0, instance:testScripts.PlaceOrderTest@4a9cc6cb]" started-at="2025-04-07T17:54:07 IST" name="setUp" finished-at="2025-04-07T17:54:08 IST" duration-ms="571" status="PASS">
          <reporter-output>
          </reporter-output>
        </test-method> <!-- setUp -->
        <test-method signature="validLoginPage()[pri:0, instance:testScripts.PlaceOrderTest@4a9cc6cb]" started-at="2025-04-07T17:54:08 IST" name="validLoginPage" finished-at="2025-04-07T17:54:08 IST" duration-ms="692" status="PASS">
          <reporter-output>
          </reporter-output>
        </test-method> <!-- validLoginPage -->
        <test-method is-config="true" signature="tearDown()[pri:0, instance:testScripts.PlaceOrderTest@4a9cc6cb]" started-at="2025-04-07T17:54:08 IST" name="tearDown" finished-at="2025-04-07T17:54:09 IST" duration-ms="358" status="PASS">
          <reporter-output>
          </reporter-output>
        </test-method> <!-- tearDown -->
      </class> <!-- testScripts.PlaceOrderTest -->
    </test> <!-- Default test -->
  </suite> <!-- Default suite -->
</testng-results>
